  ReqRegister.pb.cc
D:\GDP\netwroking\Github\NetworkingGameDev\Content\include\google\protobuf\stubs\status.h(97,15): warning C4251: 'google::protobuf::util::status_internal::Status::error_message_': class 'std::basic_string<char,std::char_traits<char>,std::allocator<char>>' needs to have dll-interface to be used by clients of class 'google::protobuf::util::status_internal::Status'
C:\Program Files (x86)\Microsoft Visual Studio\2019\Community\VC\Tools\MSVC\14.29.30133\include\xstring(4905): message : see declaration of 'std::basic_string<char,std::char_traits<char>,std::allocator<char>>'
D:\GDP\netwroking\Github\NetworkingGameDev\Content\include\google\protobuf\stubs\logging.h(100,15): warning C4251: 'google::protobuf::internal::LogMessage::message_': class 'std::basic_string<char,std::char_traits<char>,std::allocator<char>>' needs to have dll-interface to be used by clients of class 'google::protobuf::internal::LogMessage'
C:\Program Files (x86)\Microsoft Visual Studio\2019\Community\VC\Tools\MSVC\14.29.30133\include\xstring(4905): message : see declaration of 'std::basic_string<char,std::char_traits<char>,std::allocator<char>>'
D:\GDP\netwroking\Github\NetworkingGameDev\Content\include\google\protobuf\io\coded_stream.h(1261,28): warning C4251: 'google::protobuf::io::CodedOutputStream::default_serialization_deterministic_': struct 'std::atomic<bool>' needs to have dll-interface to be used by clients of class 'google::protobuf::io::CodedOutputStream'
C:\Program Files (x86)\Microsoft Visual Studio\2019\Community\VC\Tools\MSVC\14.29.30133\include\atomic(2859): message : see declaration of 'std::atomic<bool>'
D:\GDP\netwroking\Github\NetworkingGameDev\Content\include\google\protobuf\arena_impl.h(234,23): warning C4251: 'google::protobuf::internal::SerialArena::space_allocated_': struct 'std::atomic<unsigned __int64>' needs to have dll-interface to be used by clients of class 'google::protobuf::internal::SerialArena'
C:\Program Files (x86)\Microsoft Visual Studio\2019\Community\VC\Tools\MSVC\14.29.30133\include\atomic(2871): message : see declaration of 'std::atomic<unsigned __int64>'
D:\GDP\netwroking\Github\NetworkingGameDev\Content\include\google\protobuf\arena_impl.h(334,29): warning C4251: 'google::protobuf::internal::ThreadSafeArena::threads_': struct 'std::atomic<google::protobuf::internal::SerialArena *>' needs to have dll-interface to be used by clients of class 'google::protobuf::internal::ThreadSafeArena'
D:\GDP\netwroking\Github\NetworkingGameDev\Content\include\google\protobuf\arena_impl.h(334): message : see declaration of 'std::atomic<google::protobuf::internal::SerialArena *>'
D:\GDP\netwroking\Github\NetworkingGameDev\Content\include\google\protobuf\arena_impl.h(335,29): warning C4251: 'google::protobuf::internal::ThreadSafeArena::hint_': struct 'std::atomic<google::protobuf::internal::SerialArena *>' needs to have dll-interface to be used by clients of class 'google::protobuf::internal::ThreadSafeArena'
D:\GDP\netwroking\Github\NetworkingGameDev\Content\include\google\protobuf\arena_impl.h(334): message : see declaration of 'std::atomic<google::protobuf::internal::SerialArena *>'
D:\GDP\netwroking\Github\NetworkingGameDev\Content\include\google\protobuf\arenastring.h(77,43): warning C4251: 'google::protobuf::internal::LazyString::inited_': struct 'std::atomic<const std::string *>' needs to have dll-interface to be used by clients of class 'google::protobuf::internal::LazyString'
D:\GDP\netwroking\Github\NetworkingGameDev\Content\include\google\protobuf\arenastring.h(77): message : see declaration of 'std::atomic<const std::string *>'
D:\GDP\netwroking\Github\NetworkingGameDev\Content\include\google\protobuf\arenastring.h(323,26): warning C4251: 'google::protobuf::internal::ArenaStringPtr::tagged_ptr_': class 'google::protobuf::internal::TaggedPtr<std::string>' needs to have dll-interface to be used by clients of struct 'google::protobuf::internal::ArenaStringPtr'
D:\GDP\netwroking\Github\NetworkingGameDev\Content\include\google\protobuf\arenastring.h(118): message : see declaration of 'google::protobuf::internal::TaggedPtr<std::string>'
D:\GDP\netwroking\Github\NetworkingGameDev\Content\include\google\protobuf\metadata_lite.h(261,15): warning C4251: 'google::protobuf::internal::LiteUnknownFieldSetter::buffer_': class 'std::basic_string<char,std::char_traits<char>,std::allocator<char>>' needs to have dll-interface to be used by clients of class 'google::protobuf::internal::LiteUnknownFieldSetter'
C:\Program Files (x86)\Microsoft Visual Studio\2019\Community\VC\Tools\MSVC\14.29.30133\include\xstring(4905): message : see declaration of 'std::basic_string<char,std::char_traits<char>,std::allocator<char>>'
D:\GDP\netwroking\Github\NetworkingGameDev\Content\include\google\protobuf\message_lite.h(492,30): warning C4251: 'google::protobuf::MessageLite::_internal_metadata_': class 'google::protobuf::internal::InternalMetadata' needs to have dll-interface to be used by clients of class 'google::protobuf::MessageLite'
D:\GDP\netwroking\Github\NetworkingGameDev\Content\include\google\protobuf\metadata_lite.h(62): message : see declaration of 'google::protobuf::internal::InternalMetadata'
D:\GDP\netwroking\Github\NetworkingGameDev\Content\include\google\protobuf\implicit_weak_message.h(94,15): warning C4251: 'google::protobuf::internal::ImplicitWeakMessage::data_': class 'std::basic_string<char,std::char_traits<char>,std::allocator<char>>' needs to have dll-interface to be used by clients of class 'google::protobuf::internal::ImplicitWeakMessage'
C:\Program Files (x86)\Microsoft Visual Studio\2019\Community\VC\Tools\MSVC\14.29.30133\include\xstring(4905): message : see declaration of 'std::basic_string<char,std::char_traits<char>,std::allocator<char>>'
D:\GDP\netwroking\Github\NetworkingGameDev\Content\include\google\protobuf\generated_message_util.h(193,20): warning C4251: 'google::protobuf::internal::CachedSize::size_': struct 'std::atomic<int>' needs to have dll-interface to be used by clients of class 'google::protobuf::internal::CachedSize'
C:\Program Files (x86)\Microsoft Visual Studio\2019\Community\VC\Tools\MSVC\14.29.30133\include\atomic(2866): message : see declaration of 'std::atomic<int>'
D:\GDP\netwroking\Github\NetworkingGameDev\Content\include\google\protobuf\stubs\mutex.h(136,40): warning C4251: 'google::protobuf::internal::WrappedMutex::mu_': class 'google::protobuf::internal::CallOnceInitializedMutex<std::mutex>' needs to have dll-interface to be used by clients of class 'google::protobuf::internal::WrappedMutex'
D:\GDP\netwroking\Github\NetworkingGameDev\Content\include\google\protobuf\stubs\mutex.h(136): message : see declaration of 'google::protobuf::internal::CallOnceInitializedMutex<std::mutex>'
D:\GDP\netwroking\Github\NetworkingGameDev\Content\include\google\protobuf\descriptor.h(190,23): warning C4251: 'google::protobuf::internal::LazyInitData::once': struct 'std::once_flag' needs to have dll-interface to be used by clients of struct 'google::protobuf::internal::LazyInitData'
C:\Program Files (x86)\Microsoft Visual Studio\2019\Community\VC\Tools\MSVC\14.29.30133\include\xcall_once.h(21): message : see declaration of 'std::once_flag'
D:\GDP\netwroking\Github\NetworkingGameDev\Content\include\google\protobuf\descriptor.h(2027,27): warning C4251: 'google::protobuf::DescriptorPool::tables_': class 'std::unique_ptr<google::protobuf::DescriptorPool::Tables,std::default_delete<google::protobuf::DescriptorPool::Tables>>' needs to have dll-interface to be used by clients of class 'google::protobuf::DescriptorPool'
D:\GDP\netwroking\Github\NetworkingGameDev\Content\include\google\protobuf\descriptor.h(2027): message : see declaration of 'std::unique_ptr<google::protobuf::DescriptorPool::Tables,std::default_delete<google::protobuf::DescriptorPool::Tables>>'
D:\GDP\netwroking\Github\NetworkingGameDev\Content\include\google\protobuf\descriptor.h(2037,31): warning C4251: 'google::protobuf::DescriptorPool::unused_import_track_files_': class 'std::map<std::string,bool,std::less<std::string>,std::allocator<std::pair<const std::string,bool>>>' needs to have dll-interface to be used by clients of class 'google::protobuf::DescriptorPool'
D:\GDP\netwroking\Github\NetworkingGameDev\Content\include\google\protobuf\descriptor.h(2037): message : see declaration of 'std::map<std::string,bool,std::less<std::string>,std::allocator<std::pair<const std::string,bool>>>'
D:\GDP\netwroking\Github\NetworkingGameDev\Content\include\google\protobuf\io\zero_copy_stream_impl_lite.h(243,30): warning C4251: 'google::protobuf::io::CopyingInputStreamAdaptor::buffer_': class 'std::unique_ptr<uint8_t [],std::default_delete<uint8_t []>>' needs to have dll-interface to be used by clients of class 'google::protobuf::io::CopyingInputStreamAdaptor'
D:\GDP\netwroking\Github\NetworkingGameDev\Content\include\google\protobuf\io\zero_copy_stream_impl_lite.h(243): message : see declaration of 'std::unique_ptr<uint8_t [],std::default_delete<uint8_t []>>'
D:\GDP\netwroking\Github\NetworkingGameDev\Content\include\google\protobuf\io\zero_copy_stream_impl_lite.h(334,30): warning C4251: 'google::protobuf::io::CopyingOutputStreamAdaptor::buffer_': class 'std::unique_ptr<uint8_t [],std::default_delete<uint8_t []>>' needs to have dll-interface to be used by clients of class 'google::protobuf::io::CopyingOutputStreamAdaptor'
D:\GDP\netwroking\Github\NetworkingGameDev\Content\include\google\protobuf\io\zero_copy_stream_impl_lite.h(243): message : see declaration of 'std::unique_ptr<uint8_t [],std::default_delete<uint8_t []>>'
D:\GDP\netwroking\Github\NetworkingGameDev\Content\include\google\protobuf\unknown_field_set.h(206,29): warning C4251: 'google::protobuf::UnknownFieldSet::fields_': class 'std::vector<google::protobuf::UnknownField,std::allocator<google::protobuf::UnknownField>>' needs to have dll-interface to be used by clients of class 'google::protobuf::UnknownFieldSet'
D:\GDP\netwroking\Github\NetworkingGameDev\Content\include\google\protobuf\unknown_field_set.h(206): message : see declaration of 'std::vector<google::protobuf::UnknownField,std::allocator<google::protobuf::UnknownField>>'
D:\GDP\netwroking\Github\NetworkingGameDev\Content\include\google\protobuf\extension_set.h(1058,26): warning C4251: 'google::protobuf::internal::RepeatedPrimitiveDefaults::default_repeated_field_int32_t_': class 'google::protobuf::RepeatedField<int32_t>' needs to have dll-interface to be used by clients of class 'google::protobuf::internal::RepeatedPrimitiveDefaults'
D:\GDP\netwroking\Github\NetworkingGameDev\Content\include\google\protobuf\repeated_field.h(2936): message : see declaration of 'google::protobuf::RepeatedField<int32_t>'
D:\GDP\netwroking\Github\NetworkingGameDev\Content\include\google\protobuf\extension_set.h(1059,26): warning C4251: 'google::protobuf::internal::RepeatedPrimitiveDefaults::default_repeated_field_int64_t_': class 'google::protobuf::RepeatedField<int64_t>' needs to have dll-interface to be used by clients of class 'google::protobuf::internal::RepeatedPrimitiveDefaults'
D:\GDP\netwroking\Github\NetworkingGameDev\Content\include\google\protobuf\repeated_field.h(2938): message : see declaration of 'google::protobuf::RepeatedField<int64_t>'
D:\GDP\netwroking\Github\NetworkingGameDev\Content\include\google\protobuf\extension_set.h(1060,27): warning C4251: 'google::protobuf::internal::RepeatedPrimitiveDefaults::default_repeated_field_uint32_t_': class 'google::protobuf::RepeatedField<uint32_t>' needs to have dll-interface to be used by clients of class 'google::protobuf::internal::RepeatedPrimitiveDefaults'
D:\GDP\netwroking\Github\NetworkingGameDev\Content\include\google\protobuf\repeated_field.h(2937): message : see declaration of 'google::protobuf::RepeatedField<uint32_t>'
D:\GDP\netwroking\Github\NetworkingGameDev\Content\include\google\protobuf\extension_set.h(1061,27): warning C4251: 'google::protobuf::internal::RepeatedPrimitiveDefaults::default_repeated_field_uint64_t_': class 'google::protobuf::RepeatedField<uint64_t>' needs to have dll-interface to be used by clients of class 'google::protobuf::internal::RepeatedPrimitiveDefaults'
D:\GDP\netwroking\Github\NetworkingGameDev\Content\include\google\protobuf\repeated_field.h(2939): message : see declaration of 'google::protobuf::RepeatedField<uint64_t>'
D:\GDP\netwroking\Github\NetworkingGameDev\Content\include\google\protobuf\extension_set.h(1062,25): warning C4251: 'google::protobuf::internal::RepeatedPrimitiveDefaults::default_repeated_field_double_': class 'google::protobuf::RepeatedField<double>' needs to have dll-interface to be used by clients of class 'google::protobuf::internal::RepeatedPrimitiveDefaults'
D:\GDP\netwroking\Github\NetworkingGameDev\Content\include\google\protobuf\repeated_field.h(2941): message : see declaration of 'google::protobuf::RepeatedField<double>'
D:\GDP\netwroking\Github\NetworkingGameDev\Content\include\google\protobuf\extension_set.h(1063,24): warning C4251: 'google::protobuf::internal::RepeatedPrimitiveDefaults::default_repeated_field_float_': class 'google::protobuf::RepeatedField<float>' needs to have dll-interface to be used by clients of class 'google::protobuf::internal::RepeatedPrimitiveDefaults'
D:\GDP\netwroking\Github\NetworkingGameDev\Content\include\google\protobuf\repeated_field.h(2940): message : see declaration of 'google::protobuf::RepeatedField<float>'
D:\GDP\netwroking\Github\NetworkingGameDev\Content\include\google\protobuf\extension_set.h(1064,23): warning C4251: 'google::protobuf::internal::RepeatedPrimitiveDefaults::default_repeated_field_bool_': class 'google::protobuf::RepeatedField<bool>' needs to have dll-interface to be used by clients of class 'google::protobuf::internal::RepeatedPrimitiveDefaults'
D:\GDP\netwroking\Github\NetworkingGameDev\Content\include\google\protobuf\repeated_field.h(2935): message : see declaration of 'google::protobuf::RepeatedField<bool>'
D:\GDP\netwroking\Github\NetworkingGameDev\TCPSelectServer\ReqRegister.pb.cc(187,64): warning C4244: '=': conversion from 'uint64_t' to 'google::protobuf::int32', possible loss of data
D:\GDP\netwroking\Github\NetworkingGameDev\Content\include\google\protobuf\has_bits.h(73,41): warning C4267: 'argument': conversion from 'size_t' to 'int', possible loss of data
D:\GDP\netwroking\Github\NetworkingGameDev\Content\include\google\protobuf\has_bits.h(72): message : while compiling class template member function 'void google::protobuf::internal::HasBits<1>::Or(const google::protobuf::internal::HasBits<1> &)'
D:\GDP\netwroking\Github\NetworkingGameDev\TCPSelectServer\ReqRegister.pb.cc(232): message : see reference to function template instantiation 'void google::protobuf::internal::HasBits<1>::Or(const google::protobuf::internal::HasBits<1> &)' being compiled
D:\GDP\netwroking\Github\NetworkingGameDev\Content\include\google\protobuf\has_bits.h(83): message : see reference to class template instantiation 'google::protobuf::internal::HasBits<1>' being compiled
  select_server_main.cpp
D:\GDP\netwroking\Github\NetworkingGameDev\Content\include\google\protobuf\stubs\status.h(97,15): warning C4251: 'google::protobuf::util::status_internal::Status::error_message_': class 'std::basic_string<char,std::char_traits<char>,std::allocator<char>>' needs to have dll-interface to be used by clients of class 'google::protobuf::util::status_internal::Status'
C:\Program Files (x86)\Microsoft Visual Studio\2019\Community\VC\Tools\MSVC\14.29.30133\include\xstring(4905): message : see declaration of 'std::basic_string<char,std::char_traits<char>,std::allocator<char>>'
D:\GDP\netwroking\Github\NetworkingGameDev\Content\include\google\protobuf\stubs\logging.h(100,15): warning C4251: 'google::protobuf::internal::LogMessage::message_': class 'std::basic_string<char,std::char_traits<char>,std::allocator<char>>' needs to have dll-interface to be used by clients of class 'google::protobuf::internal::LogMessage'
C:\Program Files (x86)\Microsoft Visual Studio\2019\Community\VC\Tools\MSVC\14.29.30133\include\xstring(4905): message : see declaration of 'std::basic_string<char,std::char_traits<char>,std::allocator<char>>'
D:\GDP\netwroking\Github\NetworkingGameDev\Content\include\google\protobuf\io\coded_stream.h(1261,28): warning C4251: 'google::protobuf::io::CodedOutputStream::default_serialization_deterministic_': struct 'std::atomic<bool>' needs to have dll-interface to be used by clients of class 'google::protobuf::io::CodedOutputStream'
C:\Program Files (x86)\Microsoft Visual Studio\2019\Community\VC\Tools\MSVC\14.29.30133\include\atomic(2859): message : see declaration of 'std::atomic<bool>'
D:\GDP\netwroking\Github\NetworkingGameDev\Content\include\google\protobuf\arena_impl.h(234,23): warning C4251: 'google::protobuf::internal::SerialArena::space_allocated_': struct 'std::atomic<unsigned __int64>' needs to have dll-interface to be used by clients of class 'google::protobuf::internal::SerialArena'
C:\Program Files (x86)\Microsoft Visual Studio\2019\Community\VC\Tools\MSVC\14.29.30133\include\atomic(2871): message : see declaration of 'std::atomic<unsigned __int64>'
D:\GDP\netwroking\Github\NetworkingGameDev\Content\include\google\protobuf\arena_impl.h(334,29): warning C4251: 'google::protobuf::internal::ThreadSafeArena::threads_': struct 'std::atomic<google::protobuf::internal::SerialArena *>' needs to have dll-interface to be used by clients of class 'google::protobuf::internal::ThreadSafeArena'
D:\GDP\netwroking\Github\NetworkingGameDev\Content\include\google\protobuf\arena_impl.h(334): message : see declaration of 'std::atomic<google::protobuf::internal::SerialArena *>'
D:\GDP\netwroking\Github\NetworkingGameDev\Content\include\google\protobuf\arena_impl.h(335,29): warning C4251: 'google::protobuf::internal::ThreadSafeArena::hint_': struct 'std::atomic<google::protobuf::internal::SerialArena *>' needs to have dll-interface to be used by clients of class 'google::protobuf::internal::ThreadSafeArena'
D:\GDP\netwroking\Github\NetworkingGameDev\Content\include\google\protobuf\arena_impl.h(334): message : see declaration of 'std::atomic<google::protobuf::internal::SerialArena *>'
D:\GDP\netwroking\Github\NetworkingGameDev\Content\include\google\protobuf\arenastring.h(77,43): warning C4251: 'google::protobuf::internal::LazyString::inited_': struct 'std::atomic<const std::string *>' needs to have dll-interface to be used by clients of class 'google::protobuf::internal::LazyString'
D:\GDP\netwroking\Github\NetworkingGameDev\Content\include\google\protobuf\arenastring.h(77): message : see declaration of 'std::atomic<const std::string *>'
D:\GDP\netwroking\Github\NetworkingGameDev\Content\include\google\protobuf\arenastring.h(323,26): warning C4251: 'google::protobuf::internal::ArenaStringPtr::tagged_ptr_': class 'google::protobuf::internal::TaggedPtr<std::string>' needs to have dll-interface to be used by clients of struct 'google::protobuf::internal::ArenaStringPtr'
D:\GDP\netwroking\Github\NetworkingGameDev\Content\include\google\protobuf\arenastring.h(118): message : see declaration of 'google::protobuf::internal::TaggedPtr<std::string>'
D:\GDP\netwroking\Github\NetworkingGameDev\Content\include\google\protobuf\metadata_lite.h(261,15): warning C4251: 'google::protobuf::internal::LiteUnknownFieldSetter::buffer_': class 'std::basic_string<char,std::char_traits<char>,std::allocator<char>>' needs to have dll-interface to be used by clients of class 'google::protobuf::internal::LiteUnknownFieldSetter'
C:\Program Files (x86)\Microsoft Visual Studio\2019\Community\VC\Tools\MSVC\14.29.30133\include\xstring(4905): message : see declaration of 'std::basic_string<char,std::char_traits<char>,std::allocator<char>>'
D:\GDP\netwroking\Github\NetworkingGameDev\Content\include\google\protobuf\message_lite.h(492,30): warning C4251: 'google::protobuf::MessageLite::_internal_metadata_': class 'google::protobuf::internal::InternalMetadata' needs to have dll-interface to be used by clients of class 'google::protobuf::MessageLite'
D:\GDP\netwroking\Github\NetworkingGameDev\Content\include\google\protobuf\metadata_lite.h(62): message : see declaration of 'google::protobuf::internal::InternalMetadata'
D:\GDP\netwroking\Github\NetworkingGameDev\Content\include\google\protobuf\implicit_weak_message.h(94,15): warning C4251: 'google::protobuf::internal::ImplicitWeakMessage::data_': class 'std::basic_string<char,std::char_traits<char>,std::allocator<char>>' needs to have dll-interface to be used by clients of class 'google::protobuf::internal::ImplicitWeakMessage'
C:\Program Files (x86)\Microsoft Visual Studio\2019\Community\VC\Tools\MSVC\14.29.30133\include\xstring(4905): message : see declaration of 'std::basic_string<char,std::char_traits<char>,std::allocator<char>>'
D:\GDP\netwroking\Github\NetworkingGameDev\Content\include\google\protobuf\generated_message_util.h(193,20): warning C4251: 'google::protobuf::internal::CachedSize::size_': struct 'std::atomic<int>' needs to have dll-interface to be used by clients of class 'google::protobuf::internal::CachedSize'
C:\Program Files (x86)\Microsoft Visual Studio\2019\Community\VC\Tools\MSVC\14.29.30133\include\atomic(2866): message : see declaration of 'std::atomic<int>'
D:\GDP\netwroking\Github\NetworkingGameDev\Content\include\google\protobuf\stubs\mutex.h(136,40): warning C4251: 'google::protobuf::internal::WrappedMutex::mu_': class 'google::protobuf::internal::CallOnceInitializedMutex<std::mutex>' needs to have dll-interface to be used by clients of class 'google::protobuf::internal::WrappedMutex'
D:\GDP\netwroking\Github\NetworkingGameDev\Content\include\google\protobuf\stubs\mutex.h(136): message : see declaration of 'google::protobuf::internal::CallOnceInitializedMutex<std::mutex>'
D:\GDP\netwroking\Github\NetworkingGameDev\Content\include\google\protobuf\descriptor.h(190,23): warning C4251: 'google::protobuf::internal::LazyInitData::once': struct 'std::once_flag' needs to have dll-interface to be used by clients of struct 'google::protobuf::internal::LazyInitData'
C:\Program Files (x86)\Microsoft Visual Studio\2019\Community\VC\Tools\MSVC\14.29.30133\include\xcall_once.h(21): message : see declaration of 'std::once_flag'
D:\GDP\netwroking\Github\NetworkingGameDev\Content\include\google\protobuf\descriptor.h(2027,27): warning C4251: 'google::protobuf::DescriptorPool::tables_': class 'std::unique_ptr<google::protobuf::DescriptorPool::Tables,std::default_delete<google::protobuf::DescriptorPool::Tables>>' needs to have dll-interface to be used by clients of class 'google::protobuf::DescriptorPool'
D:\GDP\netwroking\Github\NetworkingGameDev\Content\include\google\protobuf\descriptor.h(2027): message : see declaration of 'std::unique_ptr<google::protobuf::DescriptorPool::Tables,std::default_delete<google::protobuf::DescriptorPool::Tables>>'
D:\GDP\netwroking\Github\NetworkingGameDev\Content\include\google\protobuf\descriptor.h(2037,31): warning C4251: 'google::protobuf::DescriptorPool::unused_import_track_files_': class 'std::map<std::string,bool,std::less<std::string>,std::allocator<std::pair<const std::string,bool>>>' needs to have dll-interface to be used by clients of class 'google::protobuf::DescriptorPool'
D:\GDP\netwroking\Github\NetworkingGameDev\Content\include\google\protobuf\descriptor.h(2037): message : see declaration of 'std::map<std::string,bool,std::less<std::string>,std::allocator<std::pair<const std::string,bool>>>'
D:\GDP\netwroking\Github\NetworkingGameDev\Content\include\google\protobuf\io\zero_copy_stream_impl_lite.h(243,30): warning C4251: 'google::protobuf::io::CopyingInputStreamAdaptor::buffer_': class 'std::unique_ptr<uint8_t [],std::default_delete<uint8_t []>>' needs to have dll-interface to be used by clients of class 'google::protobuf::io::CopyingInputStreamAdaptor'
D:\GDP\netwroking\Github\NetworkingGameDev\Content\include\google\protobuf\io\zero_copy_stream_impl_lite.h(243): message : see declaration of 'std::unique_ptr<uint8_t [],std::default_delete<uint8_t []>>'
D:\GDP\netwroking\Github\NetworkingGameDev\Content\include\google\protobuf\io\zero_copy_stream_impl_lite.h(334,30): warning C4251: 'google::protobuf::io::CopyingOutputStreamAdaptor::buffer_': class 'std::unique_ptr<uint8_t [],std::default_delete<uint8_t []>>' needs to have dll-interface to be used by clients of class 'google::protobuf::io::CopyingOutputStreamAdaptor'
D:\GDP\netwroking\Github\NetworkingGameDev\Content\include\google\protobuf\io\zero_copy_stream_impl_lite.h(243): message : see declaration of 'std::unique_ptr<uint8_t [],std::default_delete<uint8_t []>>'
D:\GDP\netwroking\Github\NetworkingGameDev\Content\include\google\protobuf\unknown_field_set.h(206,29): warning C4251: 'google::protobuf::UnknownFieldSet::fields_': class 'std::vector<google::protobuf::UnknownField,std::allocator<google::protobuf::UnknownField>>' needs to have dll-interface to be used by clients of class 'google::protobuf::UnknownFieldSet'
D:\GDP\netwroking\Github\NetworkingGameDev\Content\include\google\protobuf\unknown_field_set.h(206): message : see declaration of 'std::vector<google::protobuf::UnknownField,std::allocator<google::protobuf::UnknownField>>'
D:\GDP\netwroking\Github\NetworkingGameDev\Content\include\google\protobuf\extension_set.h(1058,26): warning C4251: 'google::protobuf::internal::RepeatedPrimitiveDefaults::default_repeated_field_int32_t_': class 'google::protobuf::RepeatedField<int32_t>' needs to have dll-interface to be used by clients of class 'google::protobuf::internal::RepeatedPrimitiveDefaults'
D:\GDP\netwroking\Github\NetworkingGameDev\Content\include\google\protobuf\repeated_field.h(2936): message : see declaration of 'google::protobuf::RepeatedField<int32_t>'
D:\GDP\netwroking\Github\NetworkingGameDev\Content\include\google\protobuf\extension_set.h(1059,26): warning C4251: 'google::protobuf::internal::RepeatedPrimitiveDefaults::default_repeated_field_int64_t_': class 'google::protobuf::RepeatedField<int64_t>' needs to have dll-interface to be used by clients of class 'google::protobuf::internal::RepeatedPrimitiveDefaults'
D:\GDP\netwroking\Github\NetworkingGameDev\Content\include\google\protobuf\repeated_field.h(2938): message : see declaration of 'google::protobuf::RepeatedField<int64_t>'
D:\GDP\netwroking\Github\NetworkingGameDev\Content\include\google\protobuf\extension_set.h(1060,27): warning C4251: 'google::protobuf::internal::RepeatedPrimitiveDefaults::default_repeated_field_uint32_t_': class 'google::protobuf::RepeatedField<uint32_t>' needs to have dll-interface to be used by clients of class 'google::protobuf::internal::RepeatedPrimitiveDefaults'
D:\GDP\netwroking\Github\NetworkingGameDev\Content\include\google\protobuf\repeated_field.h(2937): message : see declaration of 'google::protobuf::RepeatedField<uint32_t>'
D:\GDP\netwroking\Github\NetworkingGameDev\Content\include\google\protobuf\extension_set.h(1061,27): warning C4251: 'google::protobuf::internal::RepeatedPrimitiveDefaults::default_repeated_field_uint64_t_': class 'google::protobuf::RepeatedField<uint64_t>' needs to have dll-interface to be used by clients of class 'google::protobuf::internal::RepeatedPrimitiveDefaults'
D:\GDP\netwroking\Github\NetworkingGameDev\Content\include\google\protobuf\repeated_field.h(2939): message : see declaration of 'google::protobuf::RepeatedField<uint64_t>'
D:\GDP\netwroking\Github\NetworkingGameDev\Content\include\google\protobuf\extension_set.h(1062,25): warning C4251: 'google::protobuf::internal::RepeatedPrimitiveDefaults::default_repeated_field_double_': class 'google::protobuf::RepeatedField<double>' needs to have dll-interface to be used by clients of class 'google::protobuf::internal::RepeatedPrimitiveDefaults'
D:\GDP\netwroking\Github\NetworkingGameDev\Content\include\google\protobuf\repeated_field.h(2941): message : see declaration of 'google::protobuf::RepeatedField<double>'
D:\GDP\netwroking\Github\NetworkingGameDev\Content\include\google\protobuf\extension_set.h(1063,24): warning C4251: 'google::protobuf::internal::RepeatedPrimitiveDefaults::default_repeated_field_float_': class 'google::protobuf::RepeatedField<float>' needs to have dll-interface to be used by clients of class 'google::protobuf::internal::RepeatedPrimitiveDefaults'
D:\GDP\netwroking\Github\NetworkingGameDev\Content\include\google\protobuf\repeated_field.h(2940): message : see declaration of 'google::protobuf::RepeatedField<float>'
D:\GDP\netwroking\Github\NetworkingGameDev\Content\include\google\protobuf\extension_set.h(1064,23): warning C4251: 'google::protobuf::internal::RepeatedPrimitiveDefaults::default_repeated_field_bool_': class 'google::protobuf::RepeatedField<bool>' needs to have dll-interface to be used by clients of class 'google::protobuf::internal::RepeatedPrimitiveDefaults'
D:\GDP\netwroking\Github\NetworkingGameDev\Content\include\google\protobuf\repeated_field.h(2935): message : see declaration of 'google::protobuf::RepeatedField<bool>'
D:\GDP\netwroking\Github\NetworkingGameDev\TCPSelectServer\select_server_main.cpp(335,20): warning C4018: '<': signed/unsigned mismatch
D:\GDP\netwroking\Github\NetworkingGameDev\TCPSelectServer\select_server_main.cpp(393,7): warning C4267: 'initializing': conversion from 'size_t' to 'int', possible loss of data
D:\GDP\netwroking\Github\NetworkingGameDev\TCPSelectServer\select_server_main.cpp(433,57): warning C4267: 'argument': conversion from 'size_t' to 'int', possible loss of data
D:\GDP\netwroking\Github\NetworkingGameDev\TCPSelectServer\select_server_main.cpp(457,59): warning C4267: 'argument': conversion from 'size_t' to 'int', possible loss of data
D:\GDP\netwroking\Github\NetworkingGameDev\TCPSelectServer\select_server_main.cpp(172,8): warning C4101: 'SentBytes': unreferenced local variable
D:\GDP\netwroking\Github\NetworkingGameDev\TCPSelectServer\select_server_main.cpp(170,8): warning C4101: 'flags': unreferenced local variable
  Generating Code...
LINK : warning LNK4217: symbol '?CheckSize@StringPiece@stringpiece_internal@protobuf@google@@CA_K_K@Z (private: static unsigned __int64 __cdecl google::protobuf::stringpiece_internal::StringPiece::CheckSize(unsigned __int64))' defined in 'libprotobufd.lib(message.obj)' is imported by 'ReqRegister.pb.obj' in function '"public: __cdecl google::protobuf::stringpiece_internal::StringPiece::StringPiece<class std::allocator<char> >(class std::basic_string<char,struct std::char_traits<char>,class std::allocator<char> > const &)" (??$?0V?$allocator@D@std@@@StringPiece@stringpiece_internal@protobuf@google@@QEAA@AEBV?$basic_string@DU?$char_traits@D@std@@V?$allocator@D@2@@std@@@Z)'
LINK : warning LNK4217: symbol '??0LogMessage@internal@protobuf@google@@QEAA@W4LogLevel@23@PEBDH@Z (public: __cdecl google::protobuf::internal::LogMessage::LogMessage(enum google::protobuf::LogLevel,char const *,int))' defined in 'libprotobufd.lib(common.obj)' is imported by 'ReqRegister.pb.obj' in function '"public: void __cdecl protoAuth::Registeration::MergeFrom(class protoAuth::Registeration const &)" (?MergeFrom@Registeration@protoAuth@@QEAAXAEBV12@@Z)'
LINK : warning LNK4217: symbol '??1LogMessage@internal@protobuf@google@@QEAA@XZ (public: __cdecl google::protobuf::internal::LogMessage::~LogMessage(void))' defined in 'libprotobufd.lib(common.obj)' is imported by 'ReqRegister.pb.obj' in function '"public: void __cdecl protoAuth::Registeration::MergeFrom(class protoAuth::Registeration const &)" (?MergeFrom@Registeration@protoAuth@@QEAAXAEBV12@@Z)'
LINK : warning LNK4217: symbol '??6LogMessage@internal@protobuf@google@@QEAAAEAV0123@PEBD@Z (public: class google::protobuf::internal::LogMessage & __cdecl google::protobuf::internal::LogMessage::operator<<(char const *))' defined in 'libprotobufd.lib(common.obj)' is imported by 'ReqRegister.pb.obj' in function '"public: void __cdecl protoAuth::Registeration::MergeFrom(class protoAuth::Registeration const &)" (?MergeFrom@Registeration@protoAuth@@QEAAXAEBV12@@Z)'
LINK : warning LNK4217: symbol '??4LogFinisher@internal@protobuf@google@@QEAAXAEAVLogMessage@123@@Z (public: void __cdecl google::protobuf::internal::LogFinisher::operator=(class google::protobuf::internal::LogMessage &))' defined in 'libprotobufd.lib(common.obj)' is imported by 'ReqRegister.pb.obj' in function '"public: void __cdecl protoAuth::Registeration::MergeFrom(class protoAuth::Registeration const &)" (?MergeFrom@Registeration@protoAuth@@QEAAXAEBV12@@Z)'
LINK : warning LNK4217: symbol '?EnsureSpace@EpsCopyOutputStream@io@protobuf@google@@QEAAPEAEPEAE@Z (public: unsigned char * __cdecl google::protobuf::io::EpsCopyOutputStream::EnsureSpace(unsigned char *))' defined in 'libprotobufd.lib(wrappers.pb.obj)' is imported by 'ReqRegister.pb.obj' in function '"public: virtual unsigned char * __cdecl protoAuth::Registeration::_InternalSerialize(unsigned char *,class google::protobuf::io::EpsCopyOutputStream *)const " (?_InternalSerialize@Registeration@protoAuth@@UEBAPEAEPEAEPEAVEpsCopyOutputStream@io@protobuf@google@@@Z)'
LINK : warning LNK4217: symbol '?WriteStringMaybeAliased@EpsCopyOutputStream@io@protobuf@google@@QEAAPEAEIAEBV?$basic_string@DU?$char_traits@D@std@@V?$allocator@D@2@@std@@PEAE@Z (public: unsigned char * __cdecl google::protobuf::io::EpsCopyOutputStream::WriteStringMaybeAliased(unsigned int,class std::basic_string<char,struct std::char_traits<char>,class std::allocator<char> > const &,unsigned char *))' defined in 'libprotobufd.lib(wrappers.pb.obj)' is imported by 'ReqRegister.pb.obj' in function '"public: virtual unsigned char * __cdecl protoAuth::Registeration::_InternalSerialize(unsigned char *,class google::protobuf::io::EpsCopyOutputStream *)const " (?_InternalSerialize@Registeration@protoAuth@@UEBAPEAEPEAEPEAVEpsCopyOutputStream@io@protobuf@google@@@Z)'
LINK : warning LNK4217: symbol '?AllocateInternal@Arena@protobuf@google@@AEAAPEAX_K0P6AXPEAX@ZPEBVtype_info@@@Z (private: void * __cdecl google::protobuf::Arena::AllocateInternal(unsigned __int64,unsigned __int64,void (__cdecl*)(void *),class type_info const *))' defined in 'libprotobufd.lib(wrappers.pb.obj)' is imported by 'ReqRegister.pb.obj' in function '"private: static struct google::protobuf::internal::InternalMetadata::Container<class google::protobuf::UnknownFieldSet> * __cdecl google::protobuf::Arena::CreateInternal<struct google::protobuf::internal::InternalMetadata::Container<class google::protobuf::UnknownFieldSet> >(class google::protobuf::Arena *,struct std::integral_constant<bool,0>)" (??$CreateInternal@U?$Container@VUnknownFieldSet@protobuf@google@@@InternalMetadata@internal@protobuf@google@@$$V@Arena@protobuf@google@@CAPEAU?$Container@VUnknownFieldSet@protobuf@google@@@InternalMetadata@internal@12@PEAV012@U?$integral_constant@_N$0A@@std@@@Z)'
LINK : warning LNK4217: symbol '?Set@ArenaStringPtr@internal@protobuf@google@@QEAAXUEmptyDefault@1234@AEBV?$basic_string@DU?$char_traits@D@std@@V?$allocator@D@2@@std@@PEAVArena@34@@Z (public: void __cdecl google::protobuf::internal::ArenaStringPtr::Set(struct google::protobuf::internal::ArenaStringPtr::EmptyDefault,class std::basic_string<char,struct std::char_traits<char>,class std::allocator<char> > const &,class google::protobuf::Arena *))' defined in 'libprotobufd.lib(arenastring.obj)' is imported by 'ReqRegister.pb.obj' in function '"public: __cdecl protoAuth::Registeration::Registeration(class protoAuth::Registeration const &)" (??0Registeration@protoAuth@@QEAA@AEBV01@@Z)'
LINK : warning LNK4217: symbol '?Get@ArenaStringPtr@internal@protobuf@google@@QEBAAEBV?$basic_string@DU?$char_traits@D@std@@V?$allocator@D@2@@std@@XZ (public: class std::basic_string<char,struct std::char_traits<char>,class std::allocator<char> > const & __cdecl google::protobuf::internal::ArenaStringPtr::Get(void)const )' defined in 'libprotobufd.lib(wrappers.pb.obj)' is imported by 'ReqRegister.pb.obj' in function '"private: class std::basic_string<char,struct std::char_traits<char>,class std::allocator<char> > const & __cdecl protoAuth::Registeration::_internal_email(void)const " (?_internal_email@Registeration@protoAuth@@AEBAAEBV?$basic_string@DU?$char_traits@D@std@@V?$allocator@D@2@@std@@XZ)'
LINK : warning LNK4286: symbol '?Get@ArenaStringPtr@internal@protobuf@google@@QEBAAEBV?$basic_string@DU?$char_traits@D@std@@V?$allocator@D@2@@std@@XZ (public: class std::basic_string<char,struct std::char_traits<char>,class std::allocator<char> > const & __cdecl google::protobuf::internal::ArenaStringPtr::Get(void)const )' defined in 'libprotobufd.lib(wrappers.pb.obj)' is imported by 'select_server_main.obj'
LINK : warning LNK4217: symbol '?Mutable@ArenaStringPtr@internal@protobuf@google@@QEAAPEAV?$basic_string@DU?$char_traits@D@std@@V?$allocator@D@2@@std@@UEmptyDefault@1234@PEAVArena@34@@Z (public: class std::basic_string<char,struct std::char_traits<char>,class std::allocator<char> > * __cdecl google::protobuf::internal::ArenaStringPtr::Mutable(struct google::protobuf::internal::ArenaStringPtr::EmptyDefault,class google::protobuf::Arena *))' defined in 'libprotobufd.lib(arenastring.obj)' is imported by 'ReqRegister.pb.obj' in function '"private: class std::basic_string<char,struct std::char_traits<char>,class std::allocator<char> > * __cdecl protoAuth::Registeration::_internal_mutable_email(void)" (?_internal_mutable_email@Registeration@protoAuth@@AEAAPEAV?$basic_string@DU?$char_traits@D@std@@V?$allocator@D@2@@std@@XZ)'
LINK : warning LNK4217: symbol '?InternalSwap@ArenaStringPtr@internal@protobuf@google@@SAXPEBV?$basic_string@DU?$char_traits@D@std@@V?$allocator@D@2@@std@@PEAU1234@PEAVArena@34@12@Z (public: static void __cdecl google::protobuf::internal::ArenaStringPtr::InternalSwap(class std::basic_string<char,struct std::char_traits<char>,class std::allocator<char> > const *,struct google::protobuf::internal::ArenaStringPtr *,class google::protobuf::Arena *,struct google::protobuf::internal::ArenaStringPtr *,class google::protobuf::Arena *))' defined in 'libprotobufd.lib(wrappers.pb.obj)' is imported by 'ReqRegister.pb.obj' in function '"private: void __cdecl protoAuth::Registeration::InternalSwap(class protoAuth::Registeration *)" (?InternalSwap@Registeration@protoAuth@@AEAAXPEAV12@@Z)'
LINK : warning LNK4217: symbol '?ClearNonDefaultToEmpty@ArenaStringPtr@internal@protobuf@google@@QEAAXXZ (public: void __cdecl google::protobuf::internal::ArenaStringPtr::ClearNonDefaultToEmpty(void))' defined in 'libprotobufd.lib(descriptor.pb.obj)' is imported by 'ReqRegister.pb.obj' in function '"public: virtual void __cdecl protoAuth::Registeration::Clear(void)" (?Clear@Registeration@protoAuth@@UEAAXXZ)'
LINK : warning LNK4217: symbol '?UnsafeSetDefault@ArenaStringPtr@internal@protobuf@google@@QEAAXPEBV?$basic_string@DU?$char_traits@D@std@@V?$allocator@D@2@@std@@@Z (public: void __cdecl google::protobuf::internal::ArenaStringPtr::UnsafeSetDefault(class std::basic_string<char,struct std::char_traits<char>,class std::allocator<char> > const *))' defined in 'libprotobufd.lib(wrappers.pb.obj)' is imported by 'ReqRegister.pb.obj' in function '"public: __cdecl protoAuth::Registeration::Registeration(class protoAuth::Registeration const &)" (??0Registeration@protoAuth@@QEAA@AEBV01@@Z)'
LINK : warning LNK4217: symbol '?DestroyNoArena@ArenaStringPtr@internal@protobuf@google@@QEAAXPEBV?$basic_string@DU?$char_traits@D@std@@V?$allocator@D@2@@std@@@Z (public: void __cdecl google::protobuf::internal::ArenaStringPtr::DestroyNoArena(class std::basic_string<char,struct std::char_traits<char>,class std::allocator<char> > const *))' defined in 'libprotobufd.lib(wrappers.pb.obj)' is imported by 'ReqRegister.pb.obj' in function '"private: void __cdecl protoAuth::Registeration::SharedDtor(void)" (?SharedDtor@Registeration@protoAuth@@AEAAXXZ)'
LINK : warning LNK4217: symbol '?GetEmptyStringAlreadyInited@internal@protobuf@google@@YAAEBV?$basic_string@DU?$char_traits@D@std@@V?$allocator@D@2@@std@@XZ (class std::basic_string<char,struct std::char_traits<char>,class std::allocator<char> > const & __cdecl google::protobuf::internal::GetEmptyStringAlreadyInited(void))' defined in 'libprotobufd.lib(wrappers.pb.obj)' is imported by 'ReqRegister.pb.obj' in function '"public: __cdecl protoAuth::Registeration::Registeration(class protoAuth::Registeration const &)" (??0Registeration@protoAuth@@QEAA@AEBV01@@Z)'
LINK : warning LNK4217: symbol '?GetArenaForAllocation@MessageLite@protobuf@google@@IEBAPEAVArena@23@XZ (protected: class google::protobuf::Arena * __cdecl google::protobuf::MessageLite::GetArenaForAllocation(void)const )' defined in 'libprotobufd.lib(wrappers.pb.obj)' is imported by 'ReqRegister.pb.obj' in function '"public: __cdecl protoAuth::Registeration::Registeration(class protoAuth::Registeration const &)" (??0Registeration@protoAuth@@QEAA@AEBV01@@Z)'
LINK : warning LNK4217: symbol '?WriteInt32ToArray@WireFormatLite@internal@protobuf@google@@SAPEAEHHPEAE@Z (public: static unsigned char * __cdecl google::protobuf::internal::WireFormatLite::WriteInt32ToArray(int,int,unsigned char *))' defined in 'libprotobufd.lib(wrappers.pb.obj)' is imported by 'ReqRegister.pb.obj' in function '"public: virtual unsigned char * __cdecl protoAuth::Registeration::_InternalSerialize(unsigned char *,class google::protobuf::io::EpsCopyOutputStream *)const " (?_InternalSerialize@Registeration@protoAuth@@UEBAPEAEPEAEPEAVEpsCopyOutputStream@io@protobuf@google@@@Z)'
LINK : warning LNK4217: symbol '?Int32SizePlusOne@WireFormatLite@internal@protobuf@google@@SA_KH@Z (public: static unsigned __int64 __cdecl google::protobuf::internal::WireFormatLite::Int32SizePlusOne(int))' defined in 'libprotobufd.lib(wrappers.pb.obj)' is imported by 'ReqRegister.pb.obj' in function '"public: virtual unsigned __int64 __cdecl protoAuth::Registeration::ByteSizeLong(void)const " (?ByteSizeLong@Registeration@protoAuth@@UEBA_KXZ)'
LINK : warning LNK4217: symbol '?StringSize@WireFormatLite@internal@protobuf@google@@SA_KAEBV?$basic_string@DU?$char_traits@D@std@@V?$allocator@D@2@@std@@@Z (public: static unsigned __int64 __cdecl google::protobuf::internal::WireFormatLite::StringSize(class std::basic_string<char,struct std::char_traits<char>,class std::allocator<char> > const &))' defined in 'libprotobufd.lib(wrappers.pb.obj)' is imported by 'ReqRegister.pb.obj' in function '"public: virtual unsigned __int64 __cdecl protoAuth::Registeration::ByteSizeLong(void)const " (?ByteSizeLong@Registeration@protoAuth@@UEBA_KXZ)'
LINK : warning LNK4217: symbol '?SetLastTag@EpsCopyInputStream@internal@protobuf@google@@QEAAXI@Z (public: void __cdecl google::protobuf::internal::EpsCopyInputStream::SetLastTag(unsigned int))' defined in 'libprotobufd.lib(wrappers.pb.obj)' is imported by 'ReqRegister.pb.obj' in function '"public: virtual char const * __cdecl protoAuth::Registeration::_InternalParse(char const *,class google::protobuf::internal::ParseContext *)" (?_InternalParse@Registeration@protoAuth@@UEAAPEBDPEBDPEAVParseContext@internal@protobuf@google@@@Z)'
LINK : warning LNK4217: symbol '?Done@ParseContext@internal@protobuf@google@@QEAA_NPEAPEBD@Z (public: bool __cdecl google::protobuf::internal::ParseContext::Done(char const * *))' defined in 'libprotobufd.lib(wrappers.pb.obj)' is imported by 'ReqRegister.pb.obj' in function '"public: virtual char const * __cdecl protoAuth::Registeration::_InternalParse(char const *,class google::protobuf::internal::ParseContext *)" (?_InternalParse@Registeration@protoAuth@@UEAAPEBDPEBDPEAVParseContext@internal@protobuf@google@@@Z)'
LINK : warning LNK4217: symbol '?VarintParseSlow64@internal@protobuf@google@@YA?AU?$pair@PEBD_K@std@@PEBDI@Z (struct std::pair<char const *,unsigned __int64> __cdecl google::protobuf::internal::VarintParseSlow64(char const *,unsigned int))' defined in 'libprotobufd.lib(parse_context.obj)' is imported by 'ReqRegister.pb.obj' in function '"char const * __cdecl google::protobuf::internal::VarintParseSlow(char const *,unsigned int,unsigned __int64 *)" (?VarintParseSlow@internal@protobuf@google@@YAPEBDPEBDIPEA_K@Z)'
LINK : warning LNK4217: symbol '?ReadTagFallback@internal@protobuf@google@@YA?AU?$pair@PEBDI@std@@PEBDI@Z (struct std::pair<char const *,unsigned int> __cdecl google::protobuf::internal::ReadTagFallback(char const *,unsigned int))' defined in 'libprotobufd.lib(parse_context.obj)' is imported by 'ReqRegister.pb.obj' in function '"char const * __cdecl google::protobuf::internal::ReadTag(char const *,unsigned int *,unsigned int)" (?ReadTag@internal@protobuf@google@@YAPEBDPEBDPEAII@Z)'
LINK : warning LNK4217: symbol '?VerifyUTF8@internal@protobuf@google@@YA_NVStringPiece@stringpiece_internal@23@PEBD@Z (bool __cdecl google::protobuf::internal::VerifyUTF8(class google::protobuf::stringpiece_internal::StringPiece,char const *))' defined in 'libprotobufd.lib(parse_context.obj)' is imported by 'ReqRegister.pb.obj' in function '"bool __cdecl google::protobuf::internal::VerifyUTF8(class std::basic_string<char,struct std::char_traits<char>,class std::allocator<char> > const *,char const *)" (?VerifyUTF8@internal@protobuf@google@@YA_NPEBV?$basic_string@DU?$char_traits@D@std@@V?$allocator@D@2@@std@@PEBD@Z)'
LINK : warning LNK4217: symbol '?InlineGreedyStringParser@internal@protobuf@google@@YAPEBDPEAV?$basic_string@DU?$char_traits@D@std@@V?$allocator@D@2@@std@@PEBDPEAVParseContext@123@@Z (char const * __cdecl google::protobuf::internal::InlineGreedyStringParser(class std::basic_string<char,struct std::char_traits<char>,class std::allocator<char> > *,char const *,class google::protobuf::internal::ParseContext *))' defined in 'libprotobufd.lib(parse_context.obj)' is imported by 'ReqRegister.pb.obj' in function '"public: virtual char const * __cdecl protoAuth::Registeration::_InternalParse(char const *,class google::protobuf::internal::ParseContext *)" (?_InternalParse@Registeration@protoAuth@@UEAAPEBDPEBDPEAVParseContext@internal@protobuf@google@@@Z)'
LINK : warning LNK4217: symbol '?Get@CachedSize@internal@protobuf@google@@QEBAHXZ (public: int __cdecl google::protobuf::internal::CachedSize::Get(void)const )' defined in 'libprotobufd.lib(wrappers.pb.obj)' is imported by 'ReqRegister.pb.obj' in function '"public: virtual int __cdecl protoAuth::Registeration::GetCachedSize(void)const " (?GetCachedSize@Registeration@protoAuth@@UEBAHXZ)'
LINK : warning LNK4217: symbol '?Set@CachedSize@internal@protobuf@google@@QEAAXH@Z (public: void __cdecl google::protobuf::internal::CachedSize::Set(int))' defined in 'libprotobufd.lib(message.obj)' is imported by 'ReqRegister.pb.obj' in function '"private: virtual void __cdecl protoAuth::Registeration::SetCachedSize(int)const " (?SetCachedSize@Registeration@protoAuth@@EEBAXH@Z)'
LINK : warning LNK4217: symbol '??0CachedSize@internal@protobuf@google@@QEAA@XZ (public: __cdecl google::protobuf::internal::CachedSize::CachedSize(void))' defined in 'libprotobufd.lib(wrappers.pb.obj)' is imported by 'ReqRegister.pb.obj' in function '"protected: __cdecl protoAuth::Registeration::Registeration(class google::protobuf::Arena *,bool)" (??0Registeration@protoAuth@@IEAA@PEAVArena@protobuf@google@@_N@Z)'
LINK : warning LNK4217: symbol '??0UnknownFieldSet@protobuf@google@@QEAA@XZ (public: __cdecl google::protobuf::UnknownFieldSet::UnknownFieldSet(void))' defined in 'libprotobufd.lib(wrappers.pb.obj)' is imported by 'ReqRegister.pb.obj' in function '"public: __cdecl google::protobuf::internal::InternalMetadata::Container<class google::protobuf::UnknownFieldSet>::Container<class google::protobuf::UnknownFieldSet>(void)" (??0?$Container@VUnknownFieldSet@protobuf@google@@@InternalMetadata@internal@protobuf@google@@QEAA@XZ)'
LINK : warning LNK4217: symbol '??1UnknownFieldSet@protobuf@google@@QEAA@XZ (public: __cdecl google::protobuf::UnknownFieldSet::~UnknownFieldSet(void))' defined in 'libprotobufd.lib(wrappers.pb.obj)' is imported by 'ReqRegister.pb.obj' in function '"public: __cdecl google::protobuf::internal::InternalMetadata::Container<class google::protobuf::UnknownFieldSet>::~Container<class google::protobuf::UnknownFieldSet>(void)" (??1?$Container@VUnknownFieldSet@protobuf@google@@@InternalMetadata@internal@protobuf@google@@QEAA@XZ)'
LINK : warning LNK4217: symbol '?Clear@UnknownFieldSet@protobuf@google@@QEAAXXZ (public: void __cdecl google::protobuf::UnknownFieldSet::Clear(void))' defined in 'libprotobufd.lib(wrappers.pb.obj)' is imported by 'ReqRegister.pb.obj' in function '"private: void __cdecl google::protobuf::internal::InternalMetadata::DoClear<class google::protobuf::UnknownFieldSet>(void)" (??$DoClear@VUnknownFieldSet@protobuf@google@@@InternalMetadata@internal@protobuf@google@@AEAAXXZ)'
LINK : warning LNK4217: symbol '?MergeFrom@UnknownFieldSet@protobuf@google@@QEAAXAEBV123@@Z (public: void __cdecl google::protobuf::UnknownFieldSet::MergeFrom(class google::protobuf::UnknownFieldSet const &))' defined in 'libprotobufd.lib(unknown_field_set.obj)' is imported by 'ReqRegister.pb.obj' in function '"private: void __cdecl google::protobuf::internal::InternalMetadata::DoMergeFrom<class google::protobuf::UnknownFieldSet>(class google::protobuf::UnknownFieldSet const &)" (??$DoMergeFrom@VUnknownFieldSet@protobuf@google@@@InternalMetadata@internal@protobuf@google@@AEAAXAEBVUnknownFieldSet@23@@Z)'
LINK : warning LNK4217: symbol '?default_instance@UnknownFieldSet@protobuf@google@@SAAEBV123@XZ (public: static class google::protobuf::UnknownFieldSet const & __cdecl google::protobuf::UnknownFieldSet::default_instance(void))' defined in 'libprotobufd.lib(unknown_field_set.obj)' is imported by 'ReqRegister.pb.obj' in function '"public: virtual unsigned char * __cdecl protoAuth::Registeration::_InternalSerialize(unsigned char *,class google::protobuf::io::EpsCopyOutputStream *)const " (?_InternalSerialize@Registeration@protoAuth@@UEBAPEAEPEAEPEAVEpsCopyOutputStream@io@protobuf@google@@@Z)'
LINK : warning LNK4217: symbol '?UnknownFieldParse@internal@protobuf@google@@YAPEBD_KPEAVUnknownFieldSet@23@PEBDPEAVParseContext@123@@Z (char const * __cdecl google::protobuf::internal::UnknownFieldParse(unsigned __int64,class google::protobuf::UnknownFieldSet *,char const *,class google::protobuf::internal::ParseContext *))' defined in 'libprotobufd.lib(unknown_field_set.obj)' is imported by 'ReqRegister.pb.obj' in function '"public: virtual char const * __cdecl protoAuth::Registeration::_InternalParse(char const *,class google::protobuf::internal::ParseContext *)" (?_InternalParse@Registeration@protoAuth@@UEAAPEBDPEBDPEAVParseContext@internal@protobuf@google@@@Z)'
LINK : warning LNK4217: symbol '?AssignDescriptors@internal@protobuf@google@@YA?AUMetadata@23@P6APEBUDescriptorTable@123@XZPEAUonce_flag@std@@AEBU423@@Z (struct google::protobuf::Metadata __cdecl google::protobuf::internal::AssignDescriptors(struct google::protobuf::internal::DescriptorTable const * (__cdecl*)(void),struct std::once_flag *,struct google::protobuf::Metadata const &))' defined in 'libprotobufd.lib(generated_message_reflection.obj)' is imported by 'ReqRegister.pb.obj' in function '"public: virtual struct google::protobuf::Metadata __cdecl protoAuth::Registeration::GetMetadata(void)const " (?GetMetadata@Registeration@protoAuth@@UEBA?AUMetadata@protobuf@google@@XZ)'
LINK : warning LNK4217: symbol '??0AddDescriptorsRunner@internal@protobuf@google@@QEAA@PEBUDescriptorTable@123@@Z (public: __cdecl google::protobuf::internal::AddDescriptorsRunner::AddDescriptorsRunner(struct google::protobuf::internal::DescriptorTable const *))' defined in 'libprotobufd.lib(generated_message_reflection.obj)' is imported by 'ReqRegister.pb.obj' in function '"void __cdecl `dynamic initializer for 'dynamic_init_dummy_ReqRegister_2eproto''(void)" (??__Edynamic_init_dummy_ReqRegister_2eproto@@YAXXZ)'
LINK : warning LNK4217: symbol '??0Message@protobuf@google@@QEAA@XZ (public: __cdecl google::protobuf::Message::Message(void))' defined in 'libprotobufd.lib(wrappers.pb.obj)' is imported by 'ReqRegister.pb.obj' in function '"public: __cdecl protoAuth::Registeration::Registeration(class protoAuth::Registeration const &)" (??0Registeration@protoAuth@@QEAA@AEBV01@@Z)'
LINK : warning LNK4217: symbol '??0Message@protobuf@google@@IEAA@PEAVArena@12@_N@Z (protected: __cdecl google::protobuf::Message::Message(class google::protobuf::Arena *,bool))' defined in 'libprotobufd.lib(wrappers.pb.obj)' is imported by 'ReqRegister.pb.obj' in function '"protected: __cdecl protoAuth::Registeration::Registeration(class google::protobuf::Arena *,bool)" (??0Registeration@protoAuth@@IEAA@PEAVArena@protobuf@google@@_N@Z)'
LINK : warning LNK4217: symbol '?MaybeComputeUnknownFieldsSize@Message@protobuf@google@@IEBA_K_KPEAVCachedSize@internal@23@@Z (protected: unsigned __int64 __cdecl google::protobuf::Message::MaybeComputeUnknownFieldsSize(unsigned __int64,class google::protobuf::internal::CachedSize *)const )' defined in 'libprotobufd.lib(message.obj)' is imported by 'ReqRegister.pb.obj' in function '"public: virtual unsigned __int64 __cdecl protoAuth::Registeration::ByteSizeLong(void)const " (?ByteSizeLong@Registeration@protoAuth@@UEBA_KXZ)'
LINK : warning LNK4217: symbol '??1Message@protobuf@google@@UEAA@XZ (public: virtual __cdecl google::protobuf::Message::~Message(void))' defined in 'libprotobufd.lib(wrappers.pb.obj)' is imported by 'ReqRegister.pb.obj' in function '"int `protected: __cdecl protoAuth::Registeration::Registeration(class google::protobuf::Arena *,bool)'::`1'::dtor$0" (?dtor$0@?0???0Registeration@protoAuth@@IEAA@PEAVArena@protobuf@google@@_N@Z@4HA)'
LINK : warning LNK4217: symbol '?InternalSerializeUnknownFieldsToArray@WireFormat@internal@protobuf@google@@SAPEAEAEBVUnknownFieldSet@34@PEAEPEAVEpsCopyOutputStream@io@34@@Z (public: static unsigned char * __cdecl google::protobuf::internal::WireFormat::InternalSerializeUnknownFieldsToArray(class google::protobuf::UnknownFieldSet const &,unsigned char *,class google::protobuf::io::EpsCopyOutputStream *))' defined in 'libprotobufd.lib(wire_format.obj)' is imported by 'ReqRegister.pb.obj' in function '"public: virtual unsigned char * __cdecl protoAuth::Registeration::_InternalSerialize(unsigned char *,class google::protobuf::io::EpsCopyOutputStream *)const " (?_InternalSerialize@Registeration@protoAuth@@UEBAPEAEPEAEPEAVEpsCopyOutputStream@io@protobuf@google@@@Z)'
LINK : warning LNK4217: symbol '?VerifyUTF8StringNamedField@WireFormat@internal@protobuf@google@@SAXPEBDHW4Operation@1234@0@Z (public: static void __cdecl google::protobuf::internal::WireFormat::VerifyUTF8StringNamedField(char const *,int,enum google::protobuf::internal::WireFormat::Operation,char const *))' defined in 'libprotobufd.lib(wire_format.obj)' is imported by 'ReqRegister.pb.obj' in function '"public: virtual unsigned char * __cdecl protoAuth::Registeration::_InternalSerialize(unsigned char *,class google::protobuf::io::EpsCopyOutputStream *)const " (?_InternalSerialize@Registeration@protoAuth@@UEBAPEAEPEAEPEAVEpsCopyOutputStream@io@protobuf@google@@@Z)'
LINK : warning LNK4217: symbol '?fixed_address_empty_string@internal@protobuf@google@@3V?$ExplicitlyConstructed@V?$basic_string@DU?$char_traits@D@std@@V?$allocator@D@2@@std@@@123@A (class google::protobuf::internal::ExplicitlyConstructed<class std::basic_string<char,struct std::char_traits<char>,class std::allocator<char> > > google::protobuf::internal::fixed_address_empty_string)' defined in 'libprotobufd.lib(generated_message_util.obj)' is imported by 'ReqRegister.pb.obj' in function '"public: __cdecl protoAuth::Registeration::Registeration(struct google::protobuf::internal::ConstantInitialized)" (??0Registeration@protoAuth@@QEAA@UConstantInitialized@internal@protobuf@google@@@Z)'
LINK : warning LNK4217: symbol '?ParseFromString@MessageLite@protobuf@google@@QEAA_NAEBV?$basic_string@DU?$char_traits@D@std@@V?$allocator@D@2@@std@@@Z (public: bool __cdecl google::protobuf::MessageLite::ParseFromString(class std::basic_string<char,struct std::char_traits<char>,class std::allocator<char> > const &))' defined in 'libprotobufd.lib(message_lite.obj)' is imported by 'select_server_main.obj' in function 'main'
ReqRegister.pb.obj : error LNK2019: unresolved external symbol "__declspec(dllimport) public: __cdecl google::protobuf::internal::ArenaStringPtr::ArenaStringPtr(class google::protobuf::internal::ExplicitlyConstructed<class std::basic_string<char,struct std::char_traits<char>,class std::allocator<char> > > const *)" (__imp_??0ArenaStringPtr@internal@protobuf@google@@QEAA@PEBV?$ExplicitlyConstructed@V?$basic_string@DU?$char_traits@D@std@@V?$allocator@D@2@@std@@@123@@Z) referenced in function "public: __cdecl protoAuth::Registeration::Registeration(struct google::protobuf::internal::ConstantInitialized)" (??0Registeration@protoAuth@@QEAA@UConstantInitialized@internal@protobuf@google@@@Z)
D:\GDP\netwroking\Github\NetworkingGameDev\x64\Debug\TCPSelectServer.exe : fatal error LNK1120: 1 unresolved externals
