  client_main.cpp
D:\GDP\netwroking\Github\NetworkingGameDev\Content\include\google\protobuf\stubs\status.h(97,15): warning C4251: 'google::protobuf::util::status_internal::Status::error_message_': class 'std::basic_string<char,std::char_traits<char>,std::allocator<char>>' needs to have dll-interface to be used by clients of class 'google::protobuf::util::status_internal::Status'
C:\Program Files (x86)\Microsoft Visual Studio\2019\Community\VC\Tools\MSVC\14.29.30133\include\xstring(4905): message : see declaration of 'std::basic_string<char,std::char_traits<char>,std::allocator<char>>'
D:\GDP\netwroking\Github\NetworkingGameDev\Content\include\google\protobuf\stubs\logging.h(100,15): warning C4251: 'google::protobuf::internal::LogMessage::message_': class 'std::basic_string<char,std::char_traits<char>,std::allocator<char>>' needs to have dll-interface to be used by clients of class 'google::protobuf::internal::LogMessage'
C:\Program Files (x86)\Microsoft Visual Studio\2019\Community\VC\Tools\MSVC\14.29.30133\include\xstring(4905): message : see declaration of 'std::basic_string<char,std::char_traits<char>,std::allocator<char>>'
D:\GDP\netwroking\Github\NetworkingGameDev\Content\include\google\protobuf\io\coded_stream.h(1261,28): warning C4251: 'google::protobuf::io::CodedOutputStream::default_serialization_deterministic_': struct 'std::atomic<bool>' needs to have dll-interface to be used by clients of class 'google::protobuf::io::CodedOutputStream'
C:\Program Files (x86)\Microsoft Visual Studio\2019\Community\VC\Tools\MSVC\14.29.30133\include\atomic(2859): message : see declaration of 'std::atomic<bool>'
D:\GDP\netwroking\Github\NetworkingGameDev\Content\include\google\protobuf\arena_impl.h(234,23): warning C4251: 'google::protobuf::internal::SerialArena::space_allocated_': struct 'std::atomic<unsigned __int64>' needs to have dll-interface to be used by clients of class 'google::protobuf::internal::SerialArena'
C:\Program Files (x86)\Microsoft Visual Studio\2019\Community\VC\Tools\MSVC\14.29.30133\include\atomic(2871): message : see declaration of 'std::atomic<unsigned __int64>'
D:\GDP\netwroking\Github\NetworkingGameDev\Content\include\google\protobuf\arena_impl.h(334,29): warning C4251: 'google::protobuf::internal::ThreadSafeArena::threads_': struct 'std::atomic<google::protobuf::internal::SerialArena *>' needs to have dll-interface to be used by clients of class 'google::protobuf::internal::ThreadSafeArena'
D:\GDP\netwroking\Github\NetworkingGameDev\Content\include\google\protobuf\arena_impl.h(334): message : see declaration of 'std::atomic<google::protobuf::internal::SerialArena *>'
D:\GDP\netwroking\Github\NetworkingGameDev\Content\include\google\protobuf\arena_impl.h(335,29): warning C4251: 'google::protobuf::internal::ThreadSafeArena::hint_': struct 'std::atomic<google::protobuf::internal::SerialArena *>' needs to have dll-interface to be used by clients of class 'google::protobuf::internal::ThreadSafeArena'
D:\GDP\netwroking\Github\NetworkingGameDev\Content\include\google\protobuf\arena_impl.h(334): message : see declaration of 'std::atomic<google::protobuf::internal::SerialArena *>'
D:\GDP\netwroking\Github\NetworkingGameDev\Content\include\google\protobuf\arenastring.h(77,43): warning C4251: 'google::protobuf::internal::LazyString::inited_': struct 'std::atomic<const std::string *>' needs to have dll-interface to be used by clients of class 'google::protobuf::internal::LazyString'
D:\GDP\netwroking\Github\NetworkingGameDev\Content\include\google\protobuf\arenastring.h(77): message : see declaration of 'std::atomic<const std::string *>'
D:\GDP\netwroking\Github\NetworkingGameDev\Content\include\google\protobuf\arenastring.h(323,26): warning C4251: 'google::protobuf::internal::ArenaStringPtr::tagged_ptr_': class 'google::protobuf::internal::TaggedPtr<std::string>' needs to have dll-interface to be used by clients of struct 'google::protobuf::internal::ArenaStringPtr'
D:\GDP\netwroking\Github\NetworkingGameDev\Content\include\google\protobuf\arenastring.h(118): message : see declaration of 'google::protobuf::internal::TaggedPtr<std::string>'
D:\GDP\netwroking\Github\NetworkingGameDev\Content\include\google\protobuf\metadata_lite.h(261,15): warning C4251: 'google::protobuf::internal::LiteUnknownFieldSetter::buffer_': class 'std::basic_string<char,std::char_traits<char>,std::allocator<char>>' needs to have dll-interface to be used by clients of class 'google::protobuf::internal::LiteUnknownFieldSetter'
C:\Program Files (x86)\Microsoft Visual Studio\2019\Community\VC\Tools\MSVC\14.29.30133\include\xstring(4905): message : see declaration of 'std::basic_string<char,std::char_traits<char>,std::allocator<char>>'
D:\GDP\netwroking\Github\NetworkingGameDev\Content\include\google\protobuf\message_lite.h(492,30): warning C4251: 'google::protobuf::MessageLite::_internal_metadata_': class 'google::protobuf::internal::InternalMetadata' needs to have dll-interface to be used by clients of class 'google::protobuf::MessageLite'
D:\GDP\netwroking\Github\NetworkingGameDev\Content\include\google\protobuf\metadata_lite.h(62): message : see declaration of 'google::protobuf::internal::InternalMetadata'
D:\GDP\netwroking\Github\NetworkingGameDev\Content\include\google\protobuf\implicit_weak_message.h(94,15): warning C4251: 'google::protobuf::internal::ImplicitWeakMessage::data_': class 'std::basic_string<char,std::char_traits<char>,std::allocator<char>>' needs to have dll-interface to be used by clients of class 'google::protobuf::internal::ImplicitWeakMessage'
C:\Program Files (x86)\Microsoft Visual Studio\2019\Community\VC\Tools\MSVC\14.29.30133\include\xstring(4905): message : see declaration of 'std::basic_string<char,std::char_traits<char>,std::allocator<char>>'
D:\GDP\netwroking\Github\NetworkingGameDev\Content\include\google\protobuf\generated_message_util.h(193,20): warning C4251: 'google::protobuf::internal::CachedSize::size_': struct 'std::atomic<int>' needs to have dll-interface to be used by clients of class 'google::protobuf::internal::CachedSize'
C:\Program Files (x86)\Microsoft Visual Studio\2019\Community\VC\Tools\MSVC\14.29.30133\include\atomic(2866): message : see declaration of 'std::atomic<int>'
D:\GDP\netwroking\Github\NetworkingGameDev\Content\include\google\protobuf\stubs\mutex.h(136,40): warning C4251: 'google::protobuf::internal::WrappedMutex::mu_': class 'google::protobuf::internal::CallOnceInitializedMutex<std::mutex>' needs to have dll-interface to be used by clients of class 'google::protobuf::internal::WrappedMutex'
D:\GDP\netwroking\Github\NetworkingGameDev\Content\include\google\protobuf\stubs\mutex.h(136): message : see declaration of 'google::protobuf::internal::CallOnceInitializedMutex<std::mutex>'
D:\GDP\netwroking\Github\NetworkingGameDev\Content\include\google\protobuf\descriptor.h(190,23): warning C4251: 'google::protobuf::internal::LazyInitData::once': struct 'std::once_flag' needs to have dll-interface to be used by clients of struct 'google::protobuf::internal::LazyInitData'
C:\Program Files (x86)\Microsoft Visual Studio\2019\Community\VC\Tools\MSVC\14.29.30133\include\xcall_once.h(21): message : see declaration of 'std::once_flag'
D:\GDP\netwroking\Github\NetworkingGameDev\Content\include\google\protobuf\descriptor.h(2027,27): warning C4251: 'google::protobuf::DescriptorPool::tables_': class 'std::unique_ptr<google::protobuf::DescriptorPool::Tables,std::default_delete<google::protobuf::DescriptorPool::Tables>>' needs to have dll-interface to be used by clients of class 'google::protobuf::DescriptorPool'
D:\GDP\netwroking\Github\NetworkingGameDev\Content\include\google\protobuf\descriptor.h(2027): message : see declaration of 'std::unique_ptr<google::protobuf::DescriptorPool::Tables,std::default_delete<google::protobuf::DescriptorPool::Tables>>'
D:\GDP\netwroking\Github\NetworkingGameDev\Content\include\google\protobuf\descriptor.h(2037,31): warning C4251: 'google::protobuf::DescriptorPool::unused_import_track_files_': class 'std::map<std::string,bool,std::less<std::string>,std::allocator<std::pair<const std::string,bool>>>' needs to have dll-interface to be used by clients of class 'google::protobuf::DescriptorPool'
D:\GDP\netwroking\Github\NetworkingGameDev\Content\include\google\protobuf\descriptor.h(2037): message : see declaration of 'std::map<std::string,bool,std::less<std::string>,std::allocator<std::pair<const std::string,bool>>>'
D:\GDP\netwroking\Github\NetworkingGameDev\Content\include\google\protobuf\io\zero_copy_stream_impl_lite.h(243,30): warning C4251: 'google::protobuf::io::CopyingInputStreamAdaptor::buffer_': class 'std::unique_ptr<uint8_t [],std::default_delete<uint8_t []>>' needs to have dll-interface to be used by clients of class 'google::protobuf::io::CopyingInputStreamAdaptor'
D:\GDP\netwroking\Github\NetworkingGameDev\Content\include\google\protobuf\io\zero_copy_stream_impl_lite.h(243): message : see declaration of 'std::unique_ptr<uint8_t [],std::default_delete<uint8_t []>>'
D:\GDP\netwroking\Github\NetworkingGameDev\Content\include\google\protobuf\io\zero_copy_stream_impl_lite.h(334,30): warning C4251: 'google::protobuf::io::CopyingOutputStreamAdaptor::buffer_': class 'std::unique_ptr<uint8_t [],std::default_delete<uint8_t []>>' needs to have dll-interface to be used by clients of class 'google::protobuf::io::CopyingOutputStreamAdaptor'
D:\GDP\netwroking\Github\NetworkingGameDev\Content\include\google\protobuf\io\zero_copy_stream_impl_lite.h(243): message : see declaration of 'std::unique_ptr<uint8_t [],std::default_delete<uint8_t []>>'
D:\GDP\netwroking\Github\NetworkingGameDev\Content\include\google\protobuf\unknown_field_set.h(206,29): warning C4251: 'google::protobuf::UnknownFieldSet::fields_': class 'std::vector<google::protobuf::UnknownField,std::allocator<google::protobuf::UnknownField>>' needs to have dll-interface to be used by clients of class 'google::protobuf::UnknownFieldSet'
D:\GDP\netwroking\Github\NetworkingGameDev\Content\include\google\protobuf\unknown_field_set.h(206): message : see declaration of 'std::vector<google::protobuf::UnknownField,std::allocator<google::protobuf::UnknownField>>'
D:\GDP\netwroking\Github\NetworkingGameDev\Content\include\google\protobuf\extension_set.h(1058,26): warning C4251: 'google::protobuf::internal::RepeatedPrimitiveDefaults::default_repeated_field_int32_t_': class 'google::protobuf::RepeatedField<int32_t>' needs to have dll-interface to be used by clients of class 'google::protobuf::internal::RepeatedPrimitiveDefaults'
D:\GDP\netwroking\Github\NetworkingGameDev\Content\include\google\protobuf\repeated_field.h(2936): message : see declaration of 'google::protobuf::RepeatedField<int32_t>'
D:\GDP\netwroking\Github\NetworkingGameDev\Content\include\google\protobuf\extension_set.h(1059,26): warning C4251: 'google::protobuf::internal::RepeatedPrimitiveDefaults::default_repeated_field_int64_t_': class 'google::protobuf::RepeatedField<int64_t>' needs to have dll-interface to be used by clients of class 'google::protobuf::internal::RepeatedPrimitiveDefaults'
D:\GDP\netwroking\Github\NetworkingGameDev\Content\include\google\protobuf\repeated_field.h(2938): message : see declaration of 'google::protobuf::RepeatedField<int64_t>'
D:\GDP\netwroking\Github\NetworkingGameDev\Content\include\google\protobuf\extension_set.h(1060,27): warning C4251: 'google::protobuf::internal::RepeatedPrimitiveDefaults::default_repeated_field_uint32_t_': class 'google::protobuf::RepeatedField<uint32_t>' needs to have dll-interface to be used by clients of class 'google::protobuf::internal::RepeatedPrimitiveDefaults'
D:\GDP\netwroking\Github\NetworkingGameDev\Content\include\google\protobuf\repeated_field.h(2937): message : see declaration of 'google::protobuf::RepeatedField<uint32_t>'
D:\GDP\netwroking\Github\NetworkingGameDev\Content\include\google\protobuf\extension_set.h(1061,27): warning C4251: 'google::protobuf::internal::RepeatedPrimitiveDefaults::default_repeated_field_uint64_t_': class 'google::protobuf::RepeatedField<uint64_t>' needs to have dll-interface to be used by clients of class 'google::protobuf::internal::RepeatedPrimitiveDefaults'
D:\GDP\netwroking\Github\NetworkingGameDev\Content\include\google\protobuf\repeated_field.h(2939): message : see declaration of 'google::protobuf::RepeatedField<uint64_t>'
D:\GDP\netwroking\Github\NetworkingGameDev\Content\include\google\protobuf\extension_set.h(1062,25): warning C4251: 'google::protobuf::internal::RepeatedPrimitiveDefaults::default_repeated_field_double_': class 'google::protobuf::RepeatedField<double>' needs to have dll-interface to be used by clients of class 'google::protobuf::internal::RepeatedPrimitiveDefaults'
D:\GDP\netwroking\Github\NetworkingGameDev\Content\include\google\protobuf\repeated_field.h(2941): message : see declaration of 'google::protobuf::RepeatedField<double>'
D:\GDP\netwroking\Github\NetworkingGameDev\Content\include\google\protobuf\extension_set.h(1063,24): warning C4251: 'google::protobuf::internal::RepeatedPrimitiveDefaults::default_repeated_field_float_': class 'google::protobuf::RepeatedField<float>' needs to have dll-interface to be used by clients of class 'google::protobuf::internal::RepeatedPrimitiveDefaults'
D:\GDP\netwroking\Github\NetworkingGameDev\Content\include\google\protobuf\repeated_field.h(2940): message : see declaration of 'google::protobuf::RepeatedField<float>'
D:\GDP\netwroking\Github\NetworkingGameDev\Content\include\google\protobuf\extension_set.h(1064,23): warning C4251: 'google::protobuf::internal::RepeatedPrimitiveDefaults::default_repeated_field_bool_': class 'google::protobuf::RepeatedField<bool>' needs to have dll-interface to be used by clients of class 'google::protobuf::internal::RepeatedPrimitiveDefaults'
D:\GDP\netwroking\Github\NetworkingGameDev\Content\include\google\protobuf\repeated_field.h(2935): message : see declaration of 'google::protobuf::RepeatedField<bool>'
D:\GDP\netwroking\Github\NetworkingGameDev\ChatApplication\client_main.cpp(232,77): warning C4267: 'argument': conversion from 'size_t' to 'int', possible loss of data
D:\GDP\netwroking\Github\NetworkingGameDev\ChatApplication\client_main.cpp(247,70): warning C4267: 'argument': conversion from 'size_t' to 'int', possible loss of data
D:\GDP\netwroking\Github\NetworkingGameDev\ChatApplication\client_main.cpp(256,61): warning C4267: 'argument': conversion from 'size_t' to 'int', possible loss of data
D:\GDP\netwroking\Github\NetworkingGameDev\ChatApplication\client_main.cpp(61,6): warning C4101: 'choice': unreferenced local variable
D:\GDP\netwroking\Github\NetworkingGameDev\ChatApplication\client_main.cpp(73,7): warning C4101: 'getnew': unreferenced local variable
  Generating code
  1 of 417 functions ( 0.2%) were compiled, the rest were copied from previous compilation.
    0 functions were new in current compilation
    0 functions had inline decision re-evaluated but remain unchanged
  Finished generating code
  ChatApplication.vcxproj -> D:\GDP\netwroking\Github\NetworkingGameDev\x64\Release\ClientConnection.exe
